{
  "stats": {
    "suites": 1,
    "tests": 4,
    "passes": 4,
    "pending": 0,
    "failures": 0,
    "start": "2026-02-20T21:27:38.031Z",
    "end": "2026-02-20T21:28:22.329Z",
    "duration": 44298,
    "testsRegistered": 4,
    "passPercent": 100,
    "pendingPercent": 0,
    "other": 0,
    "hasOther": false,
    "skipped": 0,
    "hasSkipped": false
  },
  "results": [
    {
      "uuid": "7e783224-2eda-4a54-af15-cf1365ed1926",
      "title": "",
      "fullFile": "C:\\Users\\Fachry Rp\\tugas minibootcamp\\Selenium\\tests\\specs\\login_sesi11.js",
      "file": "\\tests\\specs\\login_sesi11.js",
      "beforeHooks": [],
      "afterHooks": [],
      "tests": [],
      "suites": [
        {
          "uuid": "eafef7c0-bda4-4cbd-a815-67325f14d132",
          "title": "Login",
          "fullFile": "C:\\Users\\Fachry Rp\\tugas minibootcamp\\Selenium\\tests\\specs\\login_sesi11.js",
          "file": "\\tests\\specs\\login_sesi11.js",
          "beforeHooks": [
            {
              "title": "\"before each\" hook in \"Login\"",
              "fullTitle": "Login \"before each\" hook in \"Login\"",
              "timedOut": false,
              "duration": 11950,
              "state": null,
              "speed": null,
              "pass": false,
              "fail": false,
              "pending": false,
              "context": null,
              "code": "driver = await new Builder().forBrowser('chrome').build();\nloginAction = new LoginAction(driver);\nawait loginAction.openLoginPage('https://www.saucedemo.com/');",
              "err": {},
              "uuid": "a0f2e7c6-2bc8-43c3-8e0f-a2b2a7fd8121",
              "parentUUID": "eafef7c0-bda4-4cbd-a815-67325f14d132",
              "isHook": true,
              "skipped": false
            }
          ],
          "afterHooks": [
            {
              "title": "\"after each\" hook in \"Login\"",
              "fullTitle": "Login \"after each\" hook in \"Login\"",
              "timedOut": false,
              "duration": 28,
              "state": null,
              "speed": null,
              "pass": false,
              "fail": false,
              "pending": false,
              "context": null,
              "code": "await driver.quit();",
              "err": {},
              "uuid": "34ec9c88-9936-47bc-8edc-541f6fbbdc75",
              "parentUUID": "eafef7c0-bda4-4cbd-a815-67325f14d132",
              "isHook": true,
              "skipped": false
            }
          ],
          "tests": [
            {
              "title": "should login with valid credentials",
              "fullTitle": "Login should login with valid credentials",
              "timedOut": false,
              "duration": 217,
              "state": "passed",
              "speed": "slow",
              "pass": true,
              "fail": false,
              "pending": false,
              "context": null,
              "code": "await loginAction.inputUsername('standard_user');\nawait loginAction.inputPassword('secret_sauce');\nawait loginAction.clickLoginButton();\nawait loginAction.assertLoginSuccess();\nawait compareScreenshot(driver, 'Login Berhasil');",
              "err": {},
              "uuid": "62b4345f-85a6-4fcb-8e02-ff94bcb93e51",
              "parentUUID": "eafef7c0-bda4-4cbd-a815-67325f14d132",
              "isHook": false,
              "skipped": false
            },
            {
              "title": "should login with invalid Username",
              "fullTitle": "Login should login with invalid Username",
              "timedOut": false,
              "duration": 181,
              "state": "passed",
              "speed": "slow",
              "pass": true,
              "fail": false,
              "pending": false,
              "context": null,
              "code": "await loginAction.inputUsername('admin');\nawait loginAction.inputPassword('secret_sauce');\nawait loginAction.clickLoginButton();\nawait loginAction.assertLoginFailed('Epic sadface: Username and password do not match any user in this service');\nawait compareScreenshot(driver, 'Login with invalid username');",
              "err": {},
              "uuid": "19adc2ab-c769-4095-9fa0-e93a411d531b",
              "parentUUID": "eafef7c0-bda4-4cbd-a815-67325f14d132",
              "isHook": false,
              "skipped": false
            },
            {
              "title": "should login with invalid password",
              "fullTitle": "Login should login with invalid password",
              "timedOut": false,
              "duration": 194,
              "state": "passed",
              "speed": "slow",
              "pass": true,
              "fail": false,
              "pending": false,
              "context": null,
              "code": "await loginAction.inputUsername('standard_user');\nawait loginAction.inputPassword('admin');\nawait loginAction.clickLoginButton();\nawait loginAction.assertLoginFailed('Epic sadface: Username and password do not match any user in this service');\nawait compareScreenshot(driver, 'Login with invalid password');",
              "err": {},
              "uuid": "98687f7c-744d-49c9-b9d9-7965da5edf09",
              "parentUUID": "eafef7c0-bda4-4cbd-a815-67325f14d132",
              "isHook": false,
              "skipped": false
            },
            {
              "title": "should login with locked_out_user",
              "fullTitle": "Login should login with locked_out_user",
              "timedOut": false,
              "duration": 198,
              "state": "passed",
              "speed": "slow",
              "pass": true,
              "fail": false,
              "pending": false,
              "context": null,
              "code": "await loginAction.inputUsername('locked_out_user');\nawait loginAction.inputPassword('secret_sauce');\nawait loginAction.clickLoginButton();\nawait loginAction.assertLoginFailed('Epic sadface: Sorry, this user has been locked out.');\nawait compareScreenshot(driver, 'Login with locked_out_user');",
              "err": {},
              "uuid": "f7c8f265-44ee-4891-81e0-04615376d2c7",
              "parentUUID": "eafef7c0-bda4-4cbd-a815-67325f14d132",
              "isHook": false,
              "skipped": false
            }
          ],
          "suites": [],
          "passes": [
            "62b4345f-85a6-4fcb-8e02-ff94bcb93e51",
            "19adc2ab-c769-4095-9fa0-e93a411d531b",
            "98687f7c-744d-49c9-b9d9-7965da5edf09",
            "f7c8f265-44ee-4891-81e0-04615376d2c7"
          ],
          "failures": [],
          "pending": [],
          "skipped": [],
          "duration": 790,
          "root": false,
          "rootEmpty": false,
          "_timeout": 60000
        }
      ],
      "passes": [],
      "failures": [],
      "pending": [],
      "skipped": [],
      "duration": 0,
      "root": true,
      "rootEmpty": true,
      "_timeout": 60000
    }
  ],
  "meta": {
    "mocha": {
      "version": "10.8.2"
    },
    "mochawesome": {
      "options": {
        "quiet": false,
        "reportFilename": "mochawesome",
        "saveHtml": true,
        "saveJson": true,
        "consoleReporter": "spec",
        "useInlineDiffs": false,
        "code": true
      },
      "version": "7.1.4"
    },
    "marge": {
      "options": null,
      "version": "6.3.2"
    }
  }
}